Started by user [8mha:////4EKs98JOUvJOD6BOsu2m6ZFE2lPZHOVPrqAu82M9e/NpAAAAlx+LCAAAAAAAAP9b85aBtbiIQTGjNKU4P08vOT+vOD8nVc83PyU1x6OyILUoJzMv2y+/JJUBAhiZGBgqihhk0NSjKDWzXb3RdlLBUSYGJk8GtpzUvPSSDB8G5tKinBIGIZ+sxLJE/ZzEvHT94JKizLx0a6BxUmjGOUNodHsLgAzWEgZu/dLi1CL9xJTczDwAj6GcLcAAAAA=[0madmin
Running as SYSTEM
Building in workspace /var/jenkins_home/workspace/job3
The recommended git tool is: NONE
No credentials specified
 > git rev-parse --resolve-git-dir /var/jenkins_home/workspace/job3/.git # timeout=10
Fetching changes from the remote Git repository
 > git config remote.origin.url https://github.com/korshunovamm/DevOps/ # timeout=10
Fetching upstream changes from https://github.com/korshunovamm/DevOps/
 > git --version # timeout=10
 > git --version # 'git version 2.39.2'
 > git fetch --tags --force --progress -- https://github.com/korshunovamm/DevOps/ +refs/heads/*:refs/remotes/origin/* # timeout=10
 > git rev-parse refs/remotes/origin/task4^{commit} # timeout=10
Checking out Revision c86b2a33bb3b766b0263a59a0bd03bf6869adc3f (refs/remotes/origin/task4)
 > git config core.sparsecheckout # timeout=10
 > git checkout -f c86b2a33bb3b766b0263a59a0bd03bf6869adc3f # timeout=10
Commit message: "task4"
 > git rev-list --no-walk c86b2a33bb3b766b0263a59a0bd03bf6869adc3f # timeout=10
[job3] $ /var/jenkins_home/tools/hudson.tasks.Maven_MavenInstallation/maven/bin/mvn clean test
[INFO] Scanning for projects...
[INFO] 
[INFO] --------------------------< korshunovamm:app >--------------------------
[INFO] Building app 1.0-SNAPSHOT
[INFO] --------------------------------[ jar ]---------------------------------
[INFO] 
[8mha:////4LUm1IOzYIYFVeGVyEEJcGWq8GzmWrcd1khbHxyL9b+QAAAAYB+LCAAAAAAAAP9b85aBtbiIQSmjNKU4P0+vJLE4u1gvPjexLDVPzxdEGvvmZ+X75Zek2mxOX+vh68DGxMBQUcQgBdWQnJ9XnJ+TqucMoUEKGSCAEaSwAAAn9LoiYAAAAA==[0m[INFO] --- maven-clean-plugin:2.5:clean (default-clean) @ app ---
[INFO] Deleting /var/jenkins_home/workspace/job3/target
[INFO] 
[8mha:////4LUm1IOzYIYFVeGVyEEJcGWq8GzmWrcd1khbHxyL9b+QAAAAYB+LCAAAAAAAAP9b85aBtbiIQSmjNKU4P0+vJLE4u1gvPjexLDVPzxdEGvvmZ+X75Zek2mxOX+vh68DGxMBQUcQgBdWQnJ9XnJ+TqucMoUEKGSCAEaSwAAAn9LoiYAAAAA==[0m[INFO] --- jacoco-maven-plugin:0.8.6:prepare-agent (default-prepare-agent) @ app ---
[INFO] argLine set to -javaagent:/root/.m2/repository/org/jacoco/org.jacoco.agent/0.8.6/org.jacoco.agent-0.8.6-runtime.jar=destfile=/var/jenkins_home/workspace/job3/target/jacoco.exec
[INFO] 
[8mha:////4LUm1IOzYIYFVeGVyEEJcGWq8GzmWrcd1khbHxyL9b+QAAAAYB+LCAAAAAAAAP9b85aBtbiIQSmjNKU4P0+vJLE4u1gvPjexLDVPzxdEGvvmZ+X75Zek2mxOX+vh68DGxMBQUcQgBdWQnJ9XnJ+TqucMoUEKGSCAEaSwAAAn9LoiYAAAAA==[0m[INFO] --- maven-resources-plugin:2.6:resources (default-resources) @ app ---
[8mha:////4O7D4IhftXSbTwD5rfeODLRtj2RWobQYNVHzbgBnh+oXAAAAYh+LCAAAAAAAAP9b85aBtbiIQSWjNKU4P0+vJLE4u1gvPjexLDVPzxdEhicW5WXmpfvll6SeOJwgmrt9CSsTA0NFEYMUVEtyfl5xfk6qnjOEBilkgABGkMICAEQzmI1iAAAA[0m[WARNING] Using platform encoding (UTF-8 actually) to copy filtered resources, i.e. build is platform dependent!
[INFO] skip non existing resourceDirectory /var/jenkins_home/workspace/job3/src/main/resources
[INFO] 
[8mha:////4LUm1IOzYIYFVeGVyEEJcGWq8GzmWrcd1khbHxyL9b+QAAAAYB+LCAAAAAAAAP9b85aBtbiIQSmjNKU4P0+vJLE4u1gvPjexLDVPzxdEGvvmZ+X75Zek2mxOX+vh68DGxMBQUcQgBdWQnJ9XnJ+TqucMoUEKGSCAEaSwAAAn9LoiYAAAAA==[0m[INFO] --- maven-compiler-plugin:3.1:compile (default-compile) @ app ---
[INFO] Changes detected - recompiling the module!
[8mha:////4O7D4IhftXSbTwD5rfeODLRtj2RWobQYNVHzbgBnh+oXAAAAYh+LCAAAAAAAAP9b85aBtbiIQSWjNKU4P0+vJLE4u1gvPjexLDVPzxdEhicW5WXmpfvll6SeOJwgmrt9CSsTA0NFEYMUVEtyfl5xfk6qnjOEBilkgABGkMICAEQzmI1iAAAA[0m[WARNING] File encoding has not been set, using platform encoding UTF-8, i.e. build is platform dependent!
[INFO] Compiling 1 source file to /var/jenkins_home/workspace/job3/target/classes
[INFO] 
[8mha:////4LUm1IOzYIYFVeGVyEEJcGWq8GzmWrcd1khbHxyL9b+QAAAAYB+LCAAAAAAAAP9b85aBtbiIQSmjNKU4P0+vJLE4u1gvPjexLDVPzxdEGvvmZ+X75Zek2mxOX+vh68DGxMBQUcQgBdWQnJ9XnJ+TqucMoUEKGSCAEaSwAAAn9LoiYAAAAA==[0m[INFO] --- maven-resources-plugin:2.6:testResources (default-testResources) @ app ---
[8mha:////4O7D4IhftXSbTwD5rfeODLRtj2RWobQYNVHzbgBnh+oXAAAAYh+LCAAAAAAAAP9b85aBtbiIQSWjNKU4P0+vJLE4u1gvPjexLDVPzxdEhicW5WXmpfvll6SeOJwgmrt9CSsTA0NFEYMUVEtyfl5xfk6qnjOEBilkgABGkMICAEQzmI1iAAAA[0m[WARNING] Using platform encoding (UTF-8 actually) to copy filtered resources, i.e. build is platform dependent!
[INFO] Copying 1 resource
[INFO] 
[8mha:////4LUm1IOzYIYFVeGVyEEJcGWq8GzmWrcd1khbHxyL9b+QAAAAYB+LCAAAAAAAAP9b85aBtbiIQSmjNKU4P0+vJLE4u1gvPjexLDVPzxdEGvvmZ+X75Zek2mxOX+vh68DGxMBQUcQgBdWQnJ9XnJ+TqucMoUEKGSCAEaSwAAAn9LoiYAAAAA==[0m[INFO] --- maven-compiler-plugin:3.1:testCompile (default-testCompile) @ app ---
[INFO] Changes detected - recompiling the module!
[8mha:////4O7D4IhftXSbTwD5rfeODLRtj2RWobQYNVHzbgBnh+oXAAAAYh+LCAAAAAAAAP9b85aBtbiIQSWjNKU4P0+vJLE4u1gvPjexLDVPzxdEhicW5WXmpfvll6SeOJwgmrt9CSsTA0NFEYMUVEtyfl5xfk6qnjOEBilkgABGkMICAEQzmI1iAAAA[0m[WARNING] File encoding has not been set, using platform encoding UTF-8, i.e. build is platform dependent!
[INFO] Compiling 1 source file to /var/jenkins_home/workspace/job3/target/test-classes
[INFO] 
[8mha:////4LUm1IOzYIYFVeGVyEEJcGWq8GzmWrcd1khbHxyL9b+QAAAAYB+LCAAAAAAAAP9b85aBtbiIQSmjNKU4P0+vJLE4u1gvPjexLDVPzxdEGvvmZ+X75Zek2mxOX+vh68DGxMBQUcQgBdWQnJ9XnJ+TqucMoUEKGSCAEaSwAAAn9LoiYAAAAA==[0m[INFO] --- maven-surefire-plugin:2.12.4:test (default-test) @ app ---
[INFO] Surefire report directory: /var/jenkins_home/workspace/job3/target/surefire-reports

-------------------------------------------------------
 T E S T S
-------------------------------------------------------
SLF4J: Failed to load class "org.slf4j.impl.StaticLoggerBinder".
SLF4J: Defaulting to no-operation (NOP) logger implementation
SLF4J: See http://www.slf4j.org/codes.html#StaticLoggerBinder for further details.
Running AppTest
Tests run: 1, Failures: 0, Errors: 0, Skipped: 0, Time elapsed: 17.678 sec

Results :

Tests run: 1, Failures: 0, Errors: 0, Skipped: 0

[INFO] ------------------------------------------------------------------------
[INFO] BUILD SUCCESS
[INFO] ------------------------------------------------------------------------
[INFO] Total time:  29.703 s
[INFO] Finished at: 2023-12-12T21:08:44Z
[INFO] ------------------------------------------------------------------------
[job3] $ /var/jenkins_home/tools/hudson.plugins.sonar.SonarRunnerInstallation/sonar/bin/sonar-scanner -Dsonar.host.url=http://localhost:9000 -Dsonar.projectBaseDir=/var/jenkins_home/workspace/job3
INFO: Scanner configuration file: /var/jenkins_home/tools/hudson.plugins.sonar.SonarRunnerInstallation/sonar/conf/sonar-scanner.properties
INFO: Project root configuration file: NONE
INFO: SonarScanner 5.0.1.3006
INFO: Java 17.0.9 Eclipse Adoptium (64-bit)
INFO: Linux 6.4.16-linuxkit amd64
INFO: User cache: /root/.sonar/cache
ERROR: SonarQube server [http://localhost:9000] can not be reached
INFO: ------------------------------------------------------------------------
INFO: EXECUTION FAILURE
INFO: ------------------------------------------------------------------------
INFO: Total time: 0.402s
INFO: Final Memory: 3M/14M
INFO: ------------------------------------------------------------------------
ERROR: Error during SonarScanner execution
org.sonarsource.scanner.api.internal.ScannerException: Unable to execute SonarScanner analysis
	at org.sonarsource.scanner.api.internal.IsolatedLauncherFactory.lambda$createLauncher$0(IsolatedLauncherFactory.java:85)
	at java.base/java.security.AccessController.doPrivileged(AccessController.java:318)
	at org.sonarsource.scanner.api.internal.IsolatedLauncherFactory.createLauncher(IsolatedLauncherFactory.java:74)
	at org.sonarsource.scanner.api.internal.IsolatedLauncherFactory.createLauncher(IsolatedLauncherFactory.java:70)
	at org.sonarsource.scanner.api.EmbeddedScanner.doStart(EmbeddedScanner.java:185)
	at org.sonarsource.scanner.api.EmbeddedScanner.start(EmbeddedScanner.java:123)
	at org.sonarsource.scanner.cli.Main.execute(Main.java:74)
	at org.sonarsource.scanner.cli.Main.main(Main.java:62)
Caused by: java.lang.IllegalStateException: Fail to get bootstrap index from server
	at org.sonarsource.scanner.api.internal.BootstrapIndexDownloader.getIndex(BootstrapIndexDownloader.java:42)
	at org.sonarsource.scanner.api.internal.JarDownloader.getScannerEngineFiles(JarDownloader.java:58)
	at org.sonarsource.scanner.api.internal.JarDownloader.download(JarDownloader.java:53)
	at org.sonarsource.scanner.api.internal.IsolatedLauncherFactory.lambda$createLauncher$0(IsolatedLauncherFactory.java:76)
	... 7 more
Caused by: java.net.ConnectException: Failed to connect to localhost/127.0.0.1:9000
	at org.sonarsource.scanner.api.internal.shaded.okhttp.internal.connection.RealConnection.connectSocket(RealConnection.java:265)
	at org.sonarsource.scanner.api.internal.shaded.okhttp.internal.connection.RealConnection.connect(RealConnection.java:183)
	at org.sonarsource.scanner.api.internal.shaded.okhttp.internal.connection.ExchangeFinder.findConnection(ExchangeFinder.java:224)
	at org.sonarsource.scanner.api.internal.shaded.okhttp.internal.connection.ExchangeFinder.findHealthyConnection(ExchangeFinder.java:108)
	at org.sonarsource.scanner.api.internal.shaded.okhttp.internal.connection.ExchangeFinder.find(ExchangeFinder.java:88)
	at org.sonarsource.scanner.api.internal.shaded.okhttp.internal.connection.Transmitter.newExchange(Transmitter.java:169)
	at org.sonarsource.scanner.api.internal.shaded.okhttp.internal.connection.ConnectInterceptor.intercept(ConnectInterceptor.java:41)
	at org.sonarsource.scanner.api.internal.shaded.okhttp.internal.http.RealInterceptorChain.proceed(RealInterceptorChain.java:142)
	at org.sonarsource.scanner.api.internal.shaded.okhttp.internal.http.RealInterceptorChain.proceed(RealInterceptorChain.java:117)
	at org.sonarsource.scanner.api.internal.shaded.okhttp.internal.cache.CacheInterceptor.intercept(CacheInterceptor.java:94)
	at org.sonarsource.scanner.api.internal.shaded.okhttp.internal.http.RealInterceptorChain.proceed(RealInterceptorChain.java:142)
	at org.sonarsource.scanner.api.internal.shaded.okhttp.internal.http.RealInterceptorChain.proceed(RealInterceptorChain.java:117)
	at org.sonarsource.scanner.api.internal.shaded.okhttp.internal.http.BridgeInterceptor.intercept(BridgeInterceptor.java:93)
	at org.sonarsource.scanner.api.internal.shaded.okhttp.internal.http.RealInterceptorChain.proceed(RealInterceptorChain.java:142)
	at org.sonarsource.scanner.api.internal.shaded.okhttp.internal.http.RetryAndFollowUpInterceptor.intercept(RetryAndFollowUpInterceptor.java:88)
	at org.sonarsource.scanner.api.internal.shaded.okhttp.internal.http.RealInterceptorChain.proceed(RealInterceptorChain.java:142)
	at org.sonarsource.scanner.api.internal.shaded.okhttp.internal.http.RealInterceptorChain.proceed(RealInterceptorChain.java:117)
	at org.sonarsource.scanner.api.internal.shaded.okhttp.RealCall.getResponseWithInterceptorChain(RealCall.java:221)
	at org.sonarsource.scanner.api.internal.shaded.okhttp.RealCall.execute(RealCall.java:81)
	at org.sonarsource.scanner.api.internal.ServerConnection.callUrl(ServerConnection.java:115)
	at org.sonarsource.scanner.api.internal.ServerConnection.downloadString(ServerConnection.java:99)
	at org.sonarsource.scanner.api.internal.BootstrapIndexDownloader.getIndex(BootstrapIndexDownloader.java:39)
	... 10 more
Caused by: java.net.ConnectException: Connection refused
	at java.base/sun.nio.ch.Net.pollConnect(Native Method)
	at java.base/sun.nio.ch.Net.pollConnectNow(Net.java:672)
	at java.base/sun.nio.ch.NioSocketImpl.timedFinishConnect(NioSocketImpl.java:547)
	at java.base/sun.nio.ch.NioSocketImpl.connect(NioSocketImpl.java:602)
	at java.base/java.net.SocksSocketImpl.connect(SocksSocketImpl.java:327)
	at java.base/java.net.Socket.connect(Socket.java:633)
	at org.sonarsource.scanner.api.internal.shaded.okhttp.internal.platform.Platform.connectSocket(Platform.java:130)
	at org.sonarsource.scanner.api.internal.shaded.okhttp.internal.connection.RealConnection.connectSocket(RealConnection.java:263)
	... 31 more
ERROR: 
ERROR: Re-run SonarScanner using the -X switch to enable full debug logging.
WARN: Unable to locate 'report-task.txt' in the workspace. Did the SonarScanner succeed?
ERROR: SonarQube scanner exited with non-zero code: 1
[job3] $ /var/jenkins_home/tools/ru.yandex.qatools.allure.jenkins.tools.AllureCommandlineInstallation/allure/bin/allure generate /var/jenkins_home/workspace/job3/target/allure-results -c -o /var/jenkins_home/workspace/job3/allure-report
Report successfully generated to /var/jenkins_home/workspace/job3/allure-report
Allure report was successfully generated.
Creating artifact for the build.
Artifact was added to the build.
Finished: FAILURE
